[35m[Appium][39m Welcome to Appium v1.22.3
[35m[Appium][39m Non-default server args:
[35m[Appium][39m   port: 55408
[35m[Appium][39m   loglevel: info
[35m[Appium][39m   tmpDir: /var/folders/lm/ct1__k6n7xg7l7bnqrfldjm00000gn/T//Katalon/Appium/Temp1688377237647
[35m[Appium][39m   chromedriverPort: 55411
[35m[Appium][39m Deprecated server args:
[35m[Appium][39m   [31m--chromedriver-port[39m => --default-capabilities
[35m[Appium][39m Default capabilities, which will be added to each request unless overridden by desired capabilities:
[35m[Appium][39m   chromedriverPort: 55411
[35m[Appium][39m Appium REST http interface listener started on 0.0.0.0:55408
[35m[HTTP][39m [37m-->[39m [37mGET[39m [37m/wd/hub/status[39m
[35m[HTTP][39m [90m{}[39m
[35m[HTTP][39m [37m<-- GET /wd/hub/status [39m[32m200[39m [90m3 ms - 68[39m
[35m[HTTP][39m [90m[39m
[35m[HTTP][39m [37m-->[39m [37mGET[39m [37m/wd/hub/status[39m
[35m[HTTP][39m [90m{}[39m
[35m[HTTP][39m [37m<-- GET /wd/hub/status [39m[32m200[39m [90m1 ms - 68[39m
[35m[HTTP][39m [90m[39m
[35m[HTTP][39m [37m-->[39m [37mPOST[39m [37m/wd/hub/session[39m
[35m[HTTP][39m [90m{"desiredCapabilities":{"appPackage":"com.android.settings","deviceId":"9c11685c","deviceName":"OnePlus KB2003 (Android 12)","platform":"ANDROID","appActivity":".Settings","newCommandTimeout":1800,"platformVersion":"12","automationName":"uiautomator2","autoGrantPermissions":true,"platformName":"Android","udid":"9c11685c","systemPort":8263},"capabilities":{"firstMatch":[{"appium:appActivity":".Settings","appium:appPackage":"com.android.settings","appium:autoGrantPermissions":true,"appium:automationName":"uiautomator2","deviceId":"9c11685c","appium:deviceName":"OnePlus KB2003 (Android 12)","appium:newCommandTimeout":1800,"platform":"ANDROID","platformName":"android","appium:platformVersion":"12","appium:systemPort":8263,"appium:udid":"9c11685c"}]}}[39m
[35m[BaseDriver][39m The following capabilities are not standard capabilities and should have an extension prefix:
[35m[BaseDriver][39m   deviceId
[35m[BaseDriver][39m   platform
[35m[BaseDriver][39m   chromedriverPort
[35m[Appium][39m Appium v1.22.3 creating new AndroidUiautomator2Driver (v1.70.1) session
[35m[BaseDriver][39m The following capabilities were provided, but are not recognized by Appium:
[35m[BaseDriver][39m   deviceId
[35m[BaseDriver][39m   platform
[35m[BaseDriver][39m Session created with session id: f2462889-317d-4405-85b3-b03409567da4
[35m[UiAutomator2][39m Starting 'com.android.settings' directly on the device
[35m[ADB][39m Found 1 'build-tools' folders under '/Users/dhesiniperabaanand/.katalon/tools/android_sdk' (newest first):
[35m[ADB][39m     /Users/dhesiniperabaanand/.katalon/tools/android_sdk/build-tools/29.0.3
[35m[ADB][39m Using 'adb' from '/Users/dhesiniperabaanand/.katalon/tools/android_sdk/platform-tools/adb'
[35m[AndroidDriver][39m Retrieving device list
[35m[AndroidDriver][39m Using device: 9c11685c
[35m[ADB][39m Using 'adb' from '/Users/dhesiniperabaanand/.katalon/tools/android_sdk/platform-tools/adb'
[35m[ADB][39m Getting device platform version
[35m[UiAutomator2][39m Relaxing hidden api policy
[35m[AndroidDriver][39m No app sent in, not parsing package/activity
[35m[ADB][39m Using 'apksigner.jar' from '/Users/dhesiniperabaanand/.katalon/tools/android_sdk/build-tools/29.0.3/lib/apksigner.jar'
[35m[ADB][39m '/opt/homebrew/lib/node_modules/appium/node_modules/appium-uiautomator2-server/apks/appium-uiautomator2-server-v4.27.0.apk' is signed with the default certificate
[35m[ADB][39m '/opt/homebrew/lib/node_modules/appium/node_modules/appium-uiautomator2-server/apks/appium-uiautomator2-server-debug-androidTest.apk' is signed with the default certificate
[35m[UiAutomator2][39m Server packages are not going to be (re)installed
[35m[ADB][39m Adding packages ["io.appium.settings","io.appium.uiautomator2.server","io.appium.uiautomator2.server.test"] to Doze whitelist
[35m[UiAutomator2][39m Starting UIAutomator2 server 4.27.0
[35m[UiAutomator2][39m Using UIAutomator2 server from '/opt/homebrew/lib/node_modules/appium/node_modules/appium-uiautomator2-server/apks/appium-uiautomator2-server-v4.27.0.apk' and test from '/opt/homebrew/lib/node_modules/appium/node_modules/appium-uiautomator2-server/apks/appium-uiautomator2-server-debug-androidTest.apk'
[35m[UiAutomator2][39m Waiting up to 30000ms for UiAutomator2 to be online...
[35m[WD Proxy][39m socket hang up
[35m[WD Proxy][39m socket hang up
[35m[WD Proxy][39m socket hang up
[35m[WD Proxy][39m socket hang up
[35m[WD Proxy][39m Determined the downstream protocol as 'W3C'
[35m[AndroidDriver][39m Screen already unlocked, doing nothing
[35m[UiAutomator2][39m Starting 'com.android.settings/.Settings and waiting for 'com.android.settings/.Settings'
[35m[Appium][39m New AndroidUiautomator2Driver session created successfully, session f2462889-317d-4405-85b3-b03409567da4 added to master session list
[35m[HTTP][39m [37m<-- POST /wd/hub/session [39m[32m200[39m [90m9456 ms - 1184[39m
[35m[HTTP][39m [90m[39m
[35m[HTTP][39m [37m-->[39m [37mGET[39m [37m/wd/hub/session/f2462889-317d-4405-85b3-b03409567da4[39m
[35m[HTTP][39m [90m{}[39m
[35m[HTTP][39m [37m<-- GET /wd/hub/session/f2462889-317d-4405-85b3-b03409567da4 [39m[32m200[39m [90m5 ms - 1138[39m
[35m[HTTP][39m [90m[39m
[35m[HTTP][39m [37m-->[39m [37mGET[39m [37m/wd/hub/session/f2462889-317d-4405-85b3-b03409567da4[39m
[35m[HTTP][39m [90m{}[39m
[35m[HTTP][39m [37m<-- GET /wd/hub/session/f2462889-317d-4405-85b3-b03409567da4 [39m[32m200[39m [90m5 ms - 1138[39m
[35m[HTTP][39m [90m[39m
[35m[HTTP][39m [37m-->[39m [37mGET[39m [37m/wd/hub/status[39m
[35m[HTTP][39m [90m{}[39m
[35m[HTTP][39m [37m<-- GET /wd/hub/status [39m[32m200[39m [90m0 ms - 68[39m
[35m[HTTP][39m [90m[39m
[35m[HTTP][39m [37m-->[39m [37mPOST[39m [37m/wd/hub/session/f2462889-317d-4405-85b3-b03409567da4/timeouts[39m
[35m[HTTP][39m [90m{"implicit":60000}[39m
[35m[HTTP][39m [37m<-- POST /wd/hub/session/f2462889-317d-4405-85b3-b03409567da4/timeouts [39m[32m200[39m [90m1 ms - 14[39m
[35m[HTTP][39m [90m[39m
[35m[HTTP][39m [37m-->[39m [37mGET[39m [37m/wd/hub/session/f2462889-317d-4405-85b3-b03409567da4/screenshot[39m
[35m[HTTP][39m [90m{}[39m
[35m[HTTP][39m [37m<-- GET /wd/hub/session/f2462889-317d-4405-85b3-b03409567da4/screenshot [39m[32m200[39m [90m244 ms - 215236[39m
[35m[HTTP][39m [90m[39m
[35m[HTTP][39m [37m-->[39m [37mGET[39m [37m/wd/hub/session/f2462889-317d-4405-85b3-b03409567da4/window/rect[39m
[35m[HTTP][39m [90m{}[39m
[35m[HTTP][39m [37m<-- GET /wd/hub/session/f2462889-317d-4405-85b3-b03409567da4/window/rect [39m[32m200[39m [90m9 ms - 50[39m
[35m[HTTP][39m [90m[39m
[35m[HTTP][39m [37m-->[39m [37mGET[39m [37m/wd/hub/session/f2462889-317d-4405-85b3-b03409567da4/appium/device/system_bars[39m
[35m[HTTP][39m [90m{}[39m
[35m[HTTP][39m [37m<-- GET /wd/hub/session/f2462889-317d-4405-85b3-b03409567da4/appium/device/system_bars [39m[32m200[39m [90m60 ms - 145[39m
[35m[HTTP][39m [90m[39m
[35m[HTTP][39m [37m-->[39m [37mPOST[39m [37m/wd/hub/session/f2462889-317d-4405-85b3-b03409567da4/appium/device/activate_app[39m
[35m[HTTP][39m [90m{"bundleId":"com.serenity.demoapp"}[39m
[35m[HTTP][39m [37m<-- POST /wd/hub/session/f2462889-317d-4405-85b3-b03409567da4/appium/device/activate_app [39m[32m200[39m [90m2371 ms - 14[39m
[35m[HTTP][39m [90m[39m
[35m[HTTP][39m [37m-->[39m [37mGET[39m [37m/wd/hub/session/f2462889-317d-4405-85b3-b03409567da4/source[39m
[35m[HTTP][39m [90m{}[39m
[35m[W3C (f2462889)][39m Driver proxy active, passing request on via HTTP proxy
[35m[WD Proxy][39m Replacing sessionId 34c641eb-6714-4ea1-9c6e-f7a4c6bb97ac with f2462889-317d-4405-85b3-b03409567da4
[35m[HTTP][39m [37m<-- GET /wd/hub/session/f2462889-317d-4405-85b3-b03409567da4/source [39m[32m200[39m [90m354 ms - 9778[39m
[35m[HTTP][39m [90m[39m
[35m[HTTP][39m [37m-->[39m [37mGET[39m [37m/wd/hub/session/f2462889-317d-4405-85b3-b03409567da4/screenshot[39m
[35m[HTTP][39m [90m{}[39m
[35m[HTTP][39m [37m<-- GET /wd/hub/session/f2462889-317d-4405-85b3-b03409567da4/screenshot [39m[32m200[39m [90m305 ms - 124046[39m
[35m[HTTP][39m [90m[39m
[35m[HTTP][39m [37m-->[39m [37mPOST[39m [37m/wd/hub/session/f2462889-317d-4405-85b3-b03409567da4/elements[39m
[35m[HTTP][39m [90m{"using":"xpath","value":"//*[@class = 'android.widget.Button' and @resource-id = '' and (@text = '' or . = '')]"}[39m
[35m[HTTP][39m [37m<-- POST /wd/hub/session/f2462889-317d-4405-85b3-b03409567da4/elements [39m[32m200[39m [90m224 ms - 779[39m
[35m[HTTP][39m [90m[39m
[35m[HTTP][39m [37m-->[39m [37mPOST[39m [37m/wd/hub/session/f2462889-317d-4405-85b3-b03409567da4/elements[39m
[35m[HTTP][39m [90m{"using":"-android uiautomator","value":"new UiSelector().className(\"android.widget.Button\").resourceId(\"\")"}[39m
[35m[HTTP][39m [37m<-- POST /wd/hub/session/f2462889-317d-4405-85b3-b03409567da4/elements [39m[32m200[39m [90m56 ms - 779[39m
[35m[HTTP][39m [90m[39m
[35m[HTTP][39m [37m-->[39m [37mPOST[39m [37m/wd/hub/session/f2462889-317d-4405-85b3-b03409567da4/timeouts[39m
[35m[HTTP][39m [90m{"implicit":1000}[39m
[35m[HTTP][39m [37m<-- POST /wd/hub/session/f2462889-317d-4405-85b3-b03409567da4/timeouts [39m[32m200[39m [90m1 ms - 14[39m
[35m[HTTP][39m [90m[39m
[35m[HTTP][39m [37m-->[39m [37mPOST[39m [37m/wd/hub/session/f2462889-317d-4405-85b3-b03409567da4/elements[39m
[35m[HTTP][39m [90m{"using":"xpath","value":"//hierarchy/android.widget.FrameLayout[1]/android.widget.LinearLayout[1]/android.widget.FrameLayout[1]/android.widget.FrameLayout[1]/android.view.View[1]/android.view.View[1]/android.view.View[1]/android.view.View[1]/android.view.View[1]/android.widget.Button[4]"}[39m
[35m[HTTP][39m [37m<-- POST /wd/hub/session/f2462889-317d-4405-85b3-b03409567da4/elements [39m[32m200[39m [90m118 ms - 139[39m
[35m[HTTP][39m [90m[39m
[35m[HTTP][39m [37m-->[39m [37mGET[39m [37m/wd/hub/session/f2462889-317d-4405-85b3-b03409567da4/element/00000000-0000-0263-0000-00bd00000003/location[39m
[35m[HTTP][39m [90m{}[39m
[35m[W3C (f2462889)][39m Driver proxy active, passing request on via HTTP proxy
[35m[WD Proxy][39m Replacing sessionId 34c641eb-6714-4ea1-9c6e-f7a4c6bb97ac with f2462889-317d-4405-85b3-b03409567da4
[35m[HTTP][39m [37m<-- GET /wd/hub/session/f2462889-317d-4405-85b3-b03409567da4/element/00000000-0000-0263-0000-00bd00000003/location [39m[32m200[39m [90m27 ms - 79[39m
[35m[HTTP][39m [90m[39m
[35m[HTTP][39m [37m-->[39m [37mGET[39m [37m/wd/hub/session/f2462889-317d-4405-85b3-b03409567da4/element/00000000-0000-0263-0000-00bd00000003/size[39m
[35m[HTTP][39m [90m{}[39m
[35m[W3C (f2462889)][39m Driver proxy active, passing request on via HTTP proxy
[35m[WD Proxy][39m Replacing sessionId 34c641eb-6714-4ea1-9c6e-f7a4c6bb97ac with f2462889-317d-4405-85b3-b03409567da4
[35m[HTTP][39m [37m<-- GET /wd/hub/session/f2462889-317d-4405-85b3-b03409567da4/element/00000000-0000-0263-0000-00bd00000003/size [39m[32m200[39m [90m19 ms - 87[39m
[35m[HTTP][39m [90m[39m
[35m[HTTP][39m [37m-->[39m [37mPOST[39m [37m/wd/hub/session/f2462889-317d-4405-85b3-b03409567da4/timeouts[39m
[35m[HTTP][39m [90m{"implicit":1000}[39m
[35m[HTTP][39m [37m<-- POST /wd/hub/session/f2462889-317d-4405-85b3-b03409567da4/timeouts [39m[32m200[39m [90m1 ms - 14[39m
[35m[HTTP][39m [90m[39m
[35m[HTTP][39m [37m-->[39m [37mPOST[39m [37m/wd/hub/session/f2462889-317d-4405-85b3-b03409567da4/elements[39m
[35m[HTTP][39m [90m{"using":"xpath","value":"//*[@class = 'android.widget.Button' and @resource-id = '' and (@text = '' or . = '')]"}[39m
[35m[HTTP][39m [37m<-- POST /wd/hub/session/f2462889-317d-4405-85b3-b03409567da4/elements [39m[32m200[39m [90m131 ms - 779[39m
[35m[HTTP][39m [90m[39m
[35m[HTTP][39m [37m-->[39m [37mGET[39m [37m/wd/hub/session/f2462889-317d-4405-85b3-b03409567da4/element/00000000-0000-0263-0000-00b900000003/location[39m
[35m[HTTP][39m [90m{}[39m
[35m[W3C (f2462889)][39m Driver proxy active, passing request on via HTTP proxy
[35m[WD Proxy][39m Replacing sessionId 34c641eb-6714-4ea1-9c6e-f7a4c6bb97ac with f2462889-317d-4405-85b3-b03409567da4
[35m[HTTP][39m [37m<-- GET /wd/hub/session/f2462889-317d-4405-85b3-b03409567da4/element/00000000-0000-0263-0000-00b900000003/location [39m[32m200[39m [90m31 ms - 79[39m
[35m[HTTP][39m [90m[39m
[35m[HTTP][39m [37m-->[39m [37mGET[39m [37m/wd/hub/session/f2462889-317d-4405-85b3-b03409567da4/element/00000000-0000-0263-0000-00b900000003/size[39m
[35m[HTTP][39m [90m{}[39m
[35m[W3C (f2462889)][39m Driver proxy active, passing request on via HTTP proxy
[35m[WD Proxy][39m Replacing sessionId 34c641eb-6714-4ea1-9c6e-f7a4c6bb97ac with f2462889-317d-4405-85b3-b03409567da4
[35m[HTTP][39m [37m<-- GET /wd/hub/session/f2462889-317d-4405-85b3-b03409567da4/element/00000000-0000-0263-0000-00b900000003/size [39m[32m200[39m [90m24 ms - 87[39m
[35m[HTTP][39m [90m[39m
[35m[HTTP][39m [37m-->[39m [37mGET[39m [37m/wd/hub/session/f2462889-317d-4405-85b3-b03409567da4/element/00000000-0000-0263-0000-00ba00000003/location[39m
[35m[HTTP][39m [90m{}[39m
[35m[W3C (f2462889)][39m Driver proxy active, passing request on via HTTP proxy
[35m[WD Proxy][39m Replacing sessionId 34c641eb-6714-4ea1-9c6e-f7a4c6bb97ac with f2462889-317d-4405-85b3-b03409567da4
[35m[HTTP][39m [37m<-- GET /wd/hub/session/f2462889-317d-4405-85b3-b03409567da4/element/00000000-0000-0263-0000-00ba00000003/location [39m[32m200[39m [90m30 ms - 79[39m
[35m[HTTP][39m [90m[39m
[35m[HTTP][39m [37m-->[39m [37mGET[39m [37m/wd/hub/session/f2462889-317d-4405-85b3-b03409567da4/element/00000000-0000-0263-0000-00ba00000003/size[39m
[35m[HTTP][39m [90m{}[39m
[35m[W3C (f2462889)][39m Driver proxy active, passing request on via HTTP proxy
[35m[WD Proxy][39m Replacing sessionId 34c641eb-6714-4ea1-9c6e-f7a4c6bb97ac with f2462889-317d-4405-85b3-b03409567da4
[35m[HTTP][39m [37m<-- GET /wd/hub/session/f2462889-317d-4405-85b3-b03409567da4/element/00000000-0000-0263-0000-00ba00000003/size [39m[32m200[39m [90m16 ms - 87[39m
[35m[HTTP][39m [90m[39m
[35m[HTTP][39m [37m-->[39m [37mGET[39m [37m/wd/hub/session/f2462889-317d-4405-85b3-b03409567da4/element/00000000-0000-0263-0000-00bc00000003/location[39m
[35m[HTTP][39m [90m{}[39m
[35m[W3C (f2462889)][39m Driver proxy active, passing request on via HTTP proxy
[35m[WD Proxy][39m Replacing sessionId 34c641eb-6714-4ea1-9c6e-f7a4c6bb97ac with f2462889-317d-4405-85b3-b03409567da4
[35m[HTTP][39m [37m<-- GET /wd/hub/session/f2462889-317d-4405-85b3-b03409567da4/element/00000000-0000-0263-0000-00bc00000003/location [39m[32m200[39m [90m23 ms - 79[39m
[35m[HTTP][39m [90m[39m
[35m[HTTP][39m [37m-->[39m [37mGET[39m [37m/wd/hub/session/f2462889-317d-4405-85b3-b03409567da4/element/00000000-0000-0263-0000-00bc00000003/size[39m
[35m[HTTP][39m [90m{}[39m
[35m[W3C (f2462889)][39m Driver proxy active, passing request on via HTTP proxy
[35m[WD Proxy][39m Replacing sessionId 34c641eb-6714-4ea1-9c6e-f7a4c6bb97ac with f2462889-317d-4405-85b3-b03409567da4
[35m[HTTP][39m [37m<-- GET /wd/hub/session/f2462889-317d-4405-85b3-b03409567da4/element/00000000-0000-0263-0000-00bc00000003/size [39m[32m200[39m [90m19 ms - 87[39m
[35m[HTTP][39m [90m[39m
[35m[HTTP][39m [37m-->[39m [37mGET[39m [37m/wd/hub/session/f2462889-317d-4405-85b3-b03409567da4/element/00000000-0000-0263-0000-00bd00000003/location[39m
[35m[HTTP][39m [90m{}[39m
[35m[W3C (f2462889)][39m Driver proxy active, passing request on via HTTP proxy
[35m[WD Proxy][39m Replacing sessionId 34c641eb-6714-4ea1-9c6e-f7a4c6bb97ac with f2462889-317d-4405-85b3-b03409567da4
[35m[HTTP][39m [37m<-- GET /wd/hub/session/f2462889-317d-4405-85b3-b03409567da4/element/00000000-0000-0263-0000-00bd00000003/location [39m[32m200[39m [90m15 ms - 79[39m
[35m[HTTP][39m [90m[39m
[35m[HTTP][39m [37m-->[39m [37mGET[39m [37m/wd/hub/session/f2462889-317d-4405-85b3-b03409567da4/element/00000000-0000-0263-0000-00bd00000003/size[39m
[35m[HTTP][39m [90m{}[39m
[35m[W3C (f2462889)][39m Driver proxy active, passing request on via HTTP proxy
[35m[WD Proxy][39m Replacing sessionId 34c641eb-6714-4ea1-9c6e-f7a4c6bb97ac with f2462889-317d-4405-85b3-b03409567da4
[35m[HTTP][39m [37m<-- GET /wd/hub/session/f2462889-317d-4405-85b3-b03409567da4/element/00000000-0000-0263-0000-00bd00000003/size [39m[32m200[39m [90m18 ms - 87[39m
[35m[HTTP][39m [90m[39m
[35m[HTTP][39m [37m-->[39m [37mGET[39m [37m/wd/hub/session/f2462889-317d-4405-85b3-b03409567da4/element/00000000-0000-0263-0000-00bf00000003/location[39m
[35m[HTTP][39m [90m{}[39m
[35m[W3C (f2462889)][39m Driver proxy active, passing request on via HTTP proxy
[35m[WD Proxy][39m Replacing sessionId 34c641eb-6714-4ea1-9c6e-f7a4c6bb97ac with f2462889-317d-4405-85b3-b03409567da4
[35m[HTTP][39m [37m<-- GET /wd/hub/session/f2462889-317d-4405-85b3-b03409567da4/element/00000000-0000-0263-0000-00bf00000003/location [39m[32m200[39m [90m18 ms - 79[39m
[35m[HTTP][39m [90m[39m
[35m[HTTP][39m [37m-->[39m [37mGET[39m [37m/wd/hub/session/f2462889-317d-4405-85b3-b03409567da4/element/00000000-0000-0263-0000-00bf00000003/size[39m
[35m[HTTP][39m [90m{}[39m
[35m[W3C (f2462889)][39m Driver proxy active, passing request on via HTTP proxy
[35m[WD Proxy][39m Replacing sessionId 34c641eb-6714-4ea1-9c6e-f7a4c6bb97ac with f2462889-317d-4405-85b3-b03409567da4
[35m[HTTP][39m [37m<-- GET /wd/hub/session/f2462889-317d-4405-85b3-b03409567da4/element/00000000-0000-0263-0000-00bf00000003/size [39m[32m200[39m [90m12 ms - 87[39m
[35m[HTTP][39m [90m[39m
[35m[HTTP][39m [37m-->[39m [37mGET[39m [37m/wd/hub/session/f2462889-317d-4405-85b3-b03409567da4/element/00000000-0000-0263-0000-00c100000003/location[39m
[35m[HTTP][39m [90m{}[39m
[35m[W3C (f2462889)][39m Driver proxy active, passing request on via HTTP proxy
[35m[WD Proxy][39m Replacing sessionId 34c641eb-6714-4ea1-9c6e-f7a4c6bb97ac with f2462889-317d-4405-85b3-b03409567da4
[35m[HTTP][39m [37m<-- GET /wd/hub/session/f2462889-317d-4405-85b3-b03409567da4/element/00000000-0000-0263-0000-00c100000003/location [39m[32m200[39m [90m13 ms - 79[39m
[35m[HTTP][39m [90m[39m
[35m[HTTP][39m [37m-->[39m [37mGET[39m [37m/wd/hub/session/f2462889-317d-4405-85b3-b03409567da4/element/00000000-0000-0263-0000-00c100000003/size[39m
[35m[HTTP][39m [90m{}[39m
[35m[W3C (f2462889)][39m Driver proxy active, passing request on via HTTP proxy
[35m[WD Proxy][39m Replacing sessionId 34c641eb-6714-4ea1-9c6e-f7a4c6bb97ac with f2462889-317d-4405-85b3-b03409567da4
[35m[HTTP][39m [37m<-- GET /wd/hub/session/f2462889-317d-4405-85b3-b03409567da4/element/00000000-0000-0263-0000-00c100000003/size [39m[32m200[39m [90m12 ms - 87[39m
[35m[HTTP][39m [90m[39m
[35m[HTTP][39m [37m-->[39m [37mPOST[39m [37m/wd/hub/session/f2462889-317d-4405-85b3-b03409567da4/timeouts[39m
[35m[HTTP][39m [90m{"implicit":1000}[39m
[35m[HTTP][39m [37m<-- POST /wd/hub/session/f2462889-317d-4405-85b3-b03409567da4/timeouts [39m[32m200[39m [90m2 ms - 14[39m
[35m[HTTP][39m [90m[39m
[35m[HTTP][39m [37m-->[39m [37mPOST[39m [37m/wd/hub/session/f2462889-317d-4405-85b3-b03409567da4/elements[39m
[35m[HTTP][39m [90m{"using":"xpath","value":"//hierarchy/android.widget.FrameLayout[1]/android.widget.LinearLayout[1]/android.widget.FrameLayout[1]/android.widget.FrameLayout[1]/android.view.View[1]/android.view.View[1]/android.view.View[1]/android.view.View[1]/android.view.View[1]/android.widget.Button[4]"}[39m
[35m[HTTP][39m [37m<-- POST /wd/hub/session/f2462889-317d-4405-85b3-b03409567da4/elements [39m[32m200[39m [90m2198 ms - 139[39m
[35m[HTTP][39m [90m[39m
[35m[HTTP][39m [37m-->[39m [37mGET[39m [37m/wd/hub/session/f2462889-317d-4405-85b3-b03409567da4/element/00000000-0000-0263-0000-00bd00000003/location[39m
[35m[HTTP][39m [90m{}[39m
[35m[W3C (f2462889)][39m Driver proxy active, passing request on via HTTP proxy
[35m[WD Proxy][39m Replacing sessionId 34c641eb-6714-4ea1-9c6e-f7a4c6bb97ac with f2462889-317d-4405-85b3-b03409567da4
[35m[HTTP][39m [37m<-- GET /wd/hub/session/f2462889-317d-4405-85b3-b03409567da4/element/00000000-0000-0263-0000-00bd00000003/location [39m[32m200[39m [90m18 ms - 79[39m
[35m[HTTP][39m [90m[39m
[35m[HTTP][39m [37m-->[39m [37mGET[39m [37m/wd/hub/session/f2462889-317d-4405-85b3-b03409567da4/element/00000000-0000-0263-0000-00bd00000003/size[39m
[35m[HTTP][39m [90m{}[39m
[35m[W3C (f2462889)][39m Driver proxy active, passing request on via HTTP proxy
[35m[WD Proxy][39m Replacing sessionId 34c641eb-6714-4ea1-9c6e-f7a4c6bb97ac with f2462889-317d-4405-85b3-b03409567da4
[35m[HTTP][39m [37m<-- GET /wd/hub/session/f2462889-317d-4405-85b3-b03409567da4/element/00000000-0000-0263-0000-00bd00000003/size [39m[32m200[39m [90m35 ms - 87[39m
[35m[HTTP][39m [90m[39m
[35m[BaseDriver][39m Shutting down because we waited 1800 seconds for a command
[35m[Appium][39m Closing session, cause was 'New Command Timeout of 1800 seconds expired. Try customizing the timeout using the 'newCommandTimeout' desired capability'
[35m[Appium][39m Removing session 'f2462889-317d-4405-85b3-b03409567da4' from our master session list
[35m[UiAutomator2][39m Did not get confirmation UiAutomator2 deleteSession worked; Error was: UnknownError: An unknown server-side error occurred while processing the command. Original error: 'DELETE /' cannot be proxied to UiAutomator2 server because the instrumentation process is not running (probably crashed). Check the server log and/or the logcat output for more details
[35m[ADB][39m Error sending command, reconnecting device and retrying: shell,am,force-stop,com.android.settings
[35m[UiAutomator2][39m Unable to force stop app: Could not find a connected Android device in 20213ms.
[35m[ADB][39m Error sending command, reconnecting device and retrying: forward,--remove,tcp:8263
[35m[UiAutomator2][39m Unable to remove system port forward: Could not find a connected Android device in 20114ms.
[35m[UiAutomator2][39m Restoring hidden api policy to the device default configuration
[35m[ADB][39m Error sending command, reconnecting device and retrying: shell,settings delete global hidden_api_policy_pre_p_apps;settings delete global hidden_api_policy_p_apps;settings delete global hidden_api_policy
